
Oct 14, 2019 09:18:59.64 NEW SESSION
Oct 14, 2019 09:18:59.64 [3824:7444:1014/091859.644:ERROR:connection_factory_impl.cc(418)] Failed to connect to MCS endpoint with error -106
Oct 14, 2019 09:19:24.97 [3824:7444:1014/091924.970:ERROR:connection_factory_impl.cc(418)] Failed to connect to MCS endpoint with error -106
Oct 14, 2019 09:20:13.37 [3824:7444:1014/092013.376:ERROR:connection_factory_impl.cc(418)] Failed to connect to MCS endpoint with error -106
Oct 14, 2019 09:20:37.24 [3824:7444:1014/092037.245:ERROR:connection_factory_impl.cc(418)] Failed to connect to MCS endpoint with error -21

Oct 17, 2019 13:42:38.45 NEW SESSION
Oct 17, 2019 13:42:38.45 [4944:76104:1017/134238.451:ERROR:connection_factory_impl.cc(418)] Failed to connect to MCS endpoint with error -106
Oct 17, 2019 13:43:05.13 [4944:76104:1017/134305.132:ERROR:connection_factory_impl.cc(418)] Failed to connect to MCS endpoint with error -106
Oct 17, 2019 13:44:05.03 [4944:76104:1017/134405.036:ERROR:connection_factory_impl.cc(418)] Failed to connect to MCS endpoint with error -106
Oct 17, 2019 13:45:27.25 [4944:76104:1017/134527.256:ERROR:connection_factory_impl.cc(418)] Failed to connect to MCS endpoint with error -106
Oct 17, 2019 13:48:19.62 [4944:47620:1017/134819.628:ERROR:gcm_channel_status_request.cc(145)] GCM channel request failed.
Oct 17, 2019 13:48:45.59 [4944:47620:1017/134845.592:ERROR:gcm_channel_status_request.cc(145)] GCM channel request failed.
Oct 17, 2019 13:49:13.03 [4944:76104:1017/134913.037:ERROR:connection_factory_impl.cc(418)] Failed to connect to MCS endpoint with error -106
Oct 17, 2019 13:49:29.45 [4944:47620:1017/134929.454:ERROR:gcm_channel_status_request.cc(145)] GCM channel request failed.
Oct 17, 2019 13:51:06.47 [4944:47620:1017/135106.476:ERROR:gcm_channel_status_request.cc(145)] GCM channel request failed.
Oct 17, 2019 13:53:57.75 [4944:47620:1017/135357.754:ERROR:gcm_channel_status_request.cc(145)] GCM channel request failed.
Oct 17, 2019 13:56:40.83 [4944:76104:1017/135640.835:ERROR:connection_factory_impl.cc(418)] Failed to connect to MCS endpoint with error -106
Oct 17, 2019 14:01:29.03 [4944:47620:1017/140129.032:ERROR:gcm_channel_status_request.cc(145)] GCM channel request failed.
Oct 17, 2019 14:06:40.83 [4944:76104:1017/140640.836:ERROR:connection_factory_impl.cc(418)] Failed to connect to MCS endpoint with error -106
Oct 17, 2019 14:11:29.03 [4944:47620:1017/141129.034:ERROR:gcm_channel_status_request.cc(145)] GCM channel request failed.
Oct 17, 2019 14:16:41.77 [4944:76104:1017/141641.771:ERROR:connection_factory_impl.cc(418)] Failed to connect to MCS endpoint with error -106
Oct 17, 2019 14:21:29.03 [4944:47620:1017/142129.038:ERROR:gcm_channel_status_request.cc(145)] GCM channel request failed.
Oct 17, 2019 14:26:42.07 [4944:76104:1017/142642.075:ERROR:connection_factory_impl.cc(418)] Failed to connect to MCS endpoint with error -106

Dec 20, 2019 11:25:05.92 NEW SESSION
Dec 20, 2019 11:25:05.92 [72992:100240:1220/112505.921:ERROR:connection_factory_impl.cc(418)] Failed to connect to MCS endpoint with error -106
Dec 20, 2019 11:25:29.18 [72992:100240:1220/112529.180:ERROR:connection_factory_impl.cc(418)] Failed to connect to MCS endpoint with error -106
Dec 20, 2019 11:26:18.32 [72992:100240:1220/112618.326:ERROR:connection_factory_impl.cc(418)] Failed to connect to MCS endpoint with error -105
Dec 20, 2019 11:36:36.40 [72992:100240:1220/113636.406:ERROR:socket_stream.cc(218)] Closing stream with result -2
Dec 20, 2019 11:36:38.67 [72992:100240:1220/113638.674:ERROR:connection_factory_impl.cc(418)] Failed to connect to MCS endpoint with error -106
Dec 20, 2019 11:37:01.25 [72992:100240:1220/113701.250:ERROR:connection_factory_impl.cc(418)] Failed to connect to MCS endpoint with error -106
Dec 20, 2019 11:38:00.16 [72992:100240:1220/113800.167:ERROR:connection_factory_impl.cc(418)] Failed to connect to MCS endpoint with error -106
Dec 20, 2019 11:39:39.06 [72992:100240:1220/113939.061:ERROR:connection_factory_impl.cc(418)] Failed to connect to MCS endpoint with error -106
Dec 20, 2019 11:43:24.21 [72992:100240:1220/114324.213:ERROR:connection_factory_impl.cc(418)] Failed to connect to MCS endpoint with error -106
Dec 20, 2019 12:58:18.62 [72992:159084:1220/125818.623:ERROR:gcm_channel_status_request.cc(145)] GCM channel request failed.
Dec 20, 2019 12:58:18.62 [72992:100240:1220/125818.623:ERROR:connection_factory_impl.cc(418)] Failed to connect to MCS endpoint with error -106
Dec 20, 2019 12:58:34.50 [72992:100240:1220/125834.504:ERROR:connection_factory_impl.cc(418)] Failed to connect to MCS endpoint with error -105

Dec 27, 2019 11:56:10.54 NEW SESSION
Dec 27, 2019 11:56:10.54 [63340:56096:1227/115610.540:ERROR:connection_factory_impl.cc(418)] Failed to connect to MCS endpoint with error -106
Dec 27, 2019 11:56:34.55 [63340:56096:1227/115634.557:ERROR:connection_factory_impl.cc(418)] Failed to connect to MCS endpoint with error -106
Dec 27, 2019 11:57:19.69 [63340:56096:1227/115719.697:ERROR:connection_factory_impl.cc(418)] Failed to connect to MCS endpoint with error -106
Dec 27, 2019 11:58:40.17 [63340:56096:1227/115840.177:ERROR:connection_factory_impl.cc(418)] Failed to connect to MCS endpoint with error -106
Dec 27, 2019 12:02:01.75 [63340:56096:1227/120201.753:ERROR:connection_factory_impl.cc(418)] Failed to connect to MCS endpoint with error -106
Dec 27, 2019 12:03:32.31 [63340:56096:1227/120332.316:ERROR:connection_factory_impl.cc(418)] Failed to connect to MCS endpoint with error -21
Dec 27, 2019 12:55:41.06 [63340:56096:1227/125540.844:ERROR:socket_stream.cc(218)] Closing stream with result -2
Dec 27, 2019 12:55:43.02 [63340:56096:1227/125543.029:ERROR:connection_factory_impl.cc(418)] Failed to connect to MCS endpoint with error -106
Dec 27, 2019 13:58:14.96 [63340:56096:1227/135814.966:ERROR:socket_stream.cc(218)] Closing stream with result -2
Dec 27, 2019 23:37:37.59 [63340:56096:1227/233737.593:ERROR:socket_stream.cc(218)] Closing stream with result -2
Dec 27, 2019 23:37:41.75 [63340:19152:1227/233741.756:ERROR:get_updates_processor.cc(246)] PostClientToServerMessage() failed during GetUpdates
Dec 27, 2019 23:37:43.15 [63340:178892:1227/233743.155:ERROR:gcm_channel_status_request.cc(145)] GCM channel request failed.
Dec 27, 2019 23:37:43.23 [63340:19152:1227/233743.233:ERROR:get_updates_processor.cc(246)] PostClientToServerMessage() failed during GetUpdates
